<?xml version="1.0" encoding="UTF-8"?>
<!-- Generated by org.testng.reporters.JUnitReportReporter -->
<testsuite hostname="family" name="com.test.HomePageTest" tests="4" failures="0" timestamp="22 Sep 2016 18:42:42 GMT" time="1.789" errors="0">
  <testcase name="testIsSliderPresent" time="0.036" classname="com.test.HomePageTest"/>
  <testcase name="testSocialLinks" time="0.161" classname="com.test.HomePageTest"/>
  <testcase name="testCountSliders" time="0.372" classname="com.test.HomePageTest"/>
  <testcase name="testFbPageLink" time="1.220" classname="com.test.HomePageTest"/>
</testsuite> <!-- com.test.HomePageTest -->
